\BOOKMARK [0][-]{chapter.1}{绪论}{}% 1
\BOOKMARK [0][-]{chapter.2}{论文正文}{}% 2
\BOOKMARK [1][-]{section.2.1}{花苗分类问题}{chapter.2}% 3
\BOOKMARK [1][-]{section.2.2}{数据预处理}{chapter.2}% 4
\BOOKMARK [2][-]{subsection.2.2.1}{掩模构建与形态学去噪}{section.2.2}% 5
\BOOKMARK [2][-]{subsection.2.2.2}{形态学去噪}{section.2.2}% 6
\BOOKMARK [2][-]{subsection.2.2.3}{边框裁剪与尺寸统一化}{section.2.2}% 7
\BOOKMARK [1][-]{section.2.3}{BP神经网络与卷积神经网络}{chapter.2}% 8
\BOOKMARK [2][-]{subsection.2.3.1}{神经网络的构造与前向传播}{section.2.3}% 9
\BOOKMARK [2][-]{subsection.2.3.2}{神经网络的反向传播}{section.2.3}% 10
\BOOKMARK [2][-]{subsection.2.3.3}{激活函数}{section.2.3}% 11
\BOOKMARK [2][-]{subsection.2.3.4}{传统BP网络的应用}{section.2.3}% 12
\BOOKMARK [2][-]{subsection.2.3.5}{梯度下降方法}{section.2.3}% 13
\BOOKMARK [2][-]{subsection.2.3.6}{正则化与dropout}{section.2.3}% 14
\BOOKMARK [2][-]{subsection.2.3.7}{卷积神经网络概述}{section.2.3}% 15
\BOOKMARK [2][-]{subsection.2.3.8}{经典CNN模型}{section.2.3}% 16
\BOOKMARK [2][-]{subsection.2.3.9}{CNN的应用}{section.2.3}% 17
\BOOKMARK [1][-]{section.2.4}{model+X}{chapter.2}% 18
\BOOKMARK [2][-]{subsection.2.4.1}{BP神经网络+X}{section.2.4}% 19
\BOOKMARK [2][-]{subsection.2.4.2}{CNN+X}{section.2.4}% 20
\BOOKMARK [1][-]{section.2.5}{参考文献}{chapter.2}% 21
\BOOKMARK [0][-]{chapter.3}{结论}{}% 22
\BOOKMARK [0][-]{appendix.A}{外文资料原文}{}% 23
\BOOKMARK [1][-]{section.A.1}{First\040Principles}{appendix.A}% 24
\BOOKMARK [2][-]{subsection.A.1.1}{Typography\040exists\040to\040honor\040content.}{section.A.1}% 25
\BOOKMARK [2][-]{subsection.A.1.2}{Letters\040have\040a\040life\040and\040dignity\040of\040their\040own.}{section.A.1}% 26
\BOOKMARK [0][-]{appendix.B}{其它附录}{}% 27
\BOOKMARK [0][-]{appendix*.57}{致 谢}{}% 28
\BOOKMARK [0][-]{appendix*.58}{作者攻读学位期间发表的学术论文目录}{}% 29
