\BOOKMARK [1][-]{section.1}{\376\377\122\115\212\000}{}% 1
\BOOKMARK [1][-]{section.2}{\376\377\202\261\202\327\122\006\174\173\225\356\230\230}{}% 2
\BOOKMARK [2][-]{subsection.2.1}{\376\377\225\356\230\230\173\200\217\360}{section.2}% 3
\BOOKMARK [2][-]{subsection.2.2}{\376\377\145\160\143\156\150\067\137\017}{section.2}% 4
\BOOKMARK [2][-]{subsection.2.3}{\376\377\225\356\230\230\122\006\147\220}{section.2}% 5
\BOOKMARK [1][-]{section.3}{\376\377\145\160\143\156\230\204\131\004\164\006}{}% 6
\BOOKMARK [2][-]{subsection.3.1}{\376\377\143\251\152\041\147\204\136\372}{section.3}% 7
\BOOKMARK [2][-]{subsection.3.2}{\376\377\137\142\140\001\133\146\123\273\126\152}{section.3}% 8
\BOOKMARK [2][-]{subsection.3.3}{\376\377\217\271\150\106\210\301\122\152\116\016\134\072\133\370\137\122\116\000\123\026}{section.3}% 9
\BOOKMARK [1][-]{section.4}{\376\377\147\072\126\150\133\146\116\140\164\006\213\272}{}% 10
\BOOKMARK [2][-]{subsection.4.1}{\376\377\226\115\176\364\145\271\154\325}{section.4}% 11
\BOOKMARK [2][-]{subsection.4.2}{\376\377\000L\000o\000g\000i\000s\000t\000i\000c\126\336\137\122}{section.4}% 12
\BOOKMARK [2][-]{subsection.4.3}{\376\377\000S\000V\000M}{section.4}% 13
\BOOKMARK [2][-]{subsection.4.4}{\376\377\121\263\173\126\150\021}{section.4}% 14
\BOOKMARK [3][-]{subsubsection.4.4.1}{\376\377\162\171\137\201\220\011\142\351}{subsection.4.4}% 15
\BOOKMARK [3][-]{subsubsection.4.4.2}{\376\377\121\263\173\126\150\021\166\204\165\037\142\020}{subsection.4.4}% 16
\BOOKMARK [2][-]{subsection.4.5}{\376\377\143\320\123\107\145\271\154\325}{section.4}% 17
\BOOKMARK [2][-]{subsection.4.6}{\376\377\116\244\123\311\161\265}{section.4}% 18
\BOOKMARK [2][-]{subsection.4.7}{\376\377\000o\000n\000e\000-\000h\000o\000t\177\026\170\001\116\016\000s\000o\000f\000t\000m\000a\000x}{section.4}% 19
\BOOKMARK [1][-]{section.5}{\376\377\000B\000P\171\136\176\317\177\121\176\334}{}% 20
\BOOKMARK [2][-]{subsection.5.1}{\376\377\171\136\176\317\177\121\176\334\166\204\147\204\220\040\116\016\122\115\124\021\117\040\144\255}{section.5}% 21
\BOOKMARK [2][-]{subsection.5.2}{\376\377\171\136\176\317\177\121\176\334\166\204\123\315\124\021\117\040\144\255}{section.5}% 22
\BOOKMARK [2][-]{subsection.5.3}{\376\377\157\300\155\073\121\375\145\160}{section.5}% 23
\BOOKMARK [2][-]{subsection.5.4}{\376\377\150\257\136\246\116\013\226\115\145\271\154\325}{section.5}% 24
\BOOKMARK [2][-]{subsection.5.5}{\376\377\133\146\116\140\163\207}{section.5}% 25
\BOOKMARK [2][-]{subsection.5.6}{\376\377\153\143\122\031\123\026}{section.5}% 26
\BOOKMARK [2][-]{subsection.5.7}{\376\377\000B\000P\171\136\176\317\177\121\176\334\000+}{section.5}% 27
\BOOKMARK [1][-]{section.6}{\376\377\123\167\171\357\171\136\176\317\177\121\176\334}{}% 28
\BOOKMARK [2][-]{subsection.6.1}{\376\377\123\167\171\357\171\136\176\317\177\121\176\334\151\202\217\360}{section.6}% 29
\BOOKMARK [2][-]{subsection.6.2}{\376\377\000A\000l\000e\000x\000N\000e\000t}{section.6}% 30
\BOOKMARK [2][-]{subsection.6.3}{\376\377\000V\000G\000G\000N\000e\000t}{section.6}% 31
\BOOKMARK [2][-]{subsection.6.4}{\376\377\000I\000n\000c\000e\000p\000t\000i\000o\000n}{section.6}% 32
\BOOKMARK [2][-]{subsection.6.5}{\376\377\000R\000e\000s\000N\000e\000t}{section.6}% 33
\BOOKMARK [2][-]{subsection.6.6}{\376\377\217\301\171\373\133\146\116\140}{section.6}% 34
\BOOKMARK [2][-]{subsection.6.7}{\376\377\000C\000N\000N\000+}{section.6}% 35
\BOOKMARK [2][-]{subsection.6.8}{\376\377\000B\000a\000t\000c\000h\000\040\000N\000o\000r\000m\000a\000l\000i\000z\000a\000t\000i\000o\000n}{section.6}% 36
\BOOKMARK [1][-]{section.7}{\376\377\123\302\200\003\145\207\163\056}{}% 37
