0.0829611
0.12508
0.0816847
0.110402
0.128271
0.135929
0.144225
0.14933
0.148054
0.151244
0.149968
0.148054
0.148054
0.147415
0.145501
0.144863
0.146777
0.148054
0.14933
0.147415
0.153159
0.151244
0.147415
0.153159
0.153797
0.160179
0.163369
0.171027
0.178047
0.183153
0.192725
0.195916
0.19783
0.202936
0.208041
0.21187
0.216337
0.220166
0.223995
0.231015
0.237396
0.240587
0.243778
0.245054
0.250798
0.245692
0.248245
0.250798
0.252712
0.256541
0.259094
0.261646
0.263561
0.264199
0.264837
0.265475
0.26739
0.268666
0.268028
0.266752
0.269943
0.271219
0.273133
0.271219
0.27441
0.276962
0.2776
0.279515
0.2776
0.278239
0.278239
0.285258
0.282068
0.283982
0.287173
0.286535
0.28462
0.287173
0.287811
0.290364
0.292278
0.295469
0.298022
0.294831
0.299936
0.299298
0.303127
0.303765
0.302489
0.306956
0.310785
0.304403
0.30568
0.312699
0.312061
0.313338
0.31589
0.309509
0.314614
0.318443
0.31589
0.319081
0.319081
0.328015
0.329292
0.325463
0.324825
0.328015
0.333121
0.333121
0.331844
0.338864
0.338864
0.336311
0.342055
0.343331
0.342693
0.342055
0.345884
0.346522
0.347798
0.346522
0.352904
0.349713
0.349713
0.355456
0.353542
0.358647
0.35418
0.353542
0.359285
0.358647
0.357371
0.359923
0.364391
0.362476
0.364391
0.363752
0.365029
0.368858
0.363752
0.367581
0.37141
0.370134
0.374601
0.37141
0.373963
0.373963
0.372048
0.379068
0.368858
0.372048
0.377154
0.375239
0.384174
0.377792
0.382897
0.382897
0.380983
0.386726
0.386726
0.387364
0.38545
0.391832
0.391832
0.398851
0.396937
0.391832
0.394384
0.400128
0.396299
0.398213
0.396937
0.40268
0.406509
0.399489
0.403957
0.401404
0.403318
0.409062
0.405233
0.410338
0.413529
0.401404
0.407786
0.397575
0.407147
0.407786
0.397575
0.406509
0.410338
0.407786
0.403318
0.413529
0.415444
0.417996
0.417358
0.414167
0.422463
0.426292
0.419272
0.424378
0.421187
0.423101
0.429483
0.433312
0.435227
0.428845
0.431398
0.419911
0.428207
0.431398
0.428845
0.430121
0.430759
0.425654
0.433312
0.422463
0.425016
0.424378
0.437779
0.432036
0.430759
0.436503
0.437141
0.437779
0.439056
0.444161
0.445437
0.446713
0.443523
0.439056
0.446713
0.43395
0.449904
0.451819
0.447352
0.446713
0.448628
0.455648
0.446075
0.452457
0.456286
0.461391
0.4582
0.462029
0.463306
0.456924
0.466496
0.456924
0.461391
0.465858
0.458839
0.473516
0.468411
0.462668
0.476707
0.474793
0.477983
0.472878
0.480536
0.481174
0.481174
0.46522
0.464582
0.470325
0.477345
0.478622
0.48947
0.484365
0.490108
0.485003
0.487556
0.47926
0.487556
0.48628
0.486918
0.483727
0.490108
0.497128
0.484365
0.500957
0.500319
0.500319
0.500957
0.499043
0.490747
0.499681
0.50351
0.509253
0.502872
0.505424
0.504148
0.505424
0.501595
0.509892
0.500319
0.506701
0.502872
0.504148
0.511168
0.509892
0.507977
0.509892
0.507339
0.506063
0.513082
0.512444
0.516911
0.506701
0.51053
0.509892
0.51053
0.515635
0.509892
0.509892
0.509253
0.513082
0.511806
0.511806
0.516911
0.512444
0.509892
0.511168
0.511806
0.504786
0.512444
0.514997
0.516911
0.514359
0.509892
0.513721
0.514997
0.517549
0.518826
0.518188
0.522017
0.523293
0.514997
0.52074
0.520102
0.521378
0.520102
0.52074
0.518188
0.520102
0.525846
0.52074
0.522017
0.519464
0.519464
0.52074
0.514997
0.514997
0.511806
0.512444
0.518826
0.518826
0.521378
0.518826
0.513721
0.516273
0.520102
0.520102
0.523293
0.515635
0.518826
0.522017
0.522655
0.516273
0.520102
0.519464
0.519464
0.515635
0.513721
0.512444
0.514997
0.516273
0.523931
0.517549
0.513721
0.517549
0.515635
0.516911
0.512444
0.517549
0.520102
0.516273
0.518188
0.51053
0.514997
0.517549
0.521378
0.524569
0.527122
0.529036
0.52074
0.521378
0.522655
0.525207
0.522655
0.525207
0.524569
0.522017
0.523293
0.516273
0.524569
0.528398
0.528398
0.521378
0.522655
0.522655
0.521378
0.525207
0.523931
0.522655
0.524569
0.522655
0.521378
0.519464
0.523293
0.517549
0.518188
0.52074
0.52074
0.518826
0.516911
0.522017
0.526484
0.522017
0.524569
0.523931
0.525207
0.524569
0.532227
0.52074
0.520102
0.522017
0.516911
0.522655
0.524569
0.522655
0.523293
0.519464
0.525846
0.523931
0.523293
0.522655
0.523293
0.522017
0.522017
0.520102
0.522655
0.52074
0.52074
0.523931
0.524569
0.518826
0.522017
0.522017
0.521378
0.521378
0.520102
0.522017
0.522655
0.514359
0.518188
0.515635
0.518188
0.518188
0.521378
0.52074
0.52074
0.52074
0.52074
0.52074
0.522017
0.520102
0.519464
0.518188
0.52074
0.52074
0.520102
0.52074
0.514997
0.521378
0.518826
0.519464
0.522655
0.522017
0.517549
0.518826
0.519464
0.518826
0.521378
0.516911
0.518826
0.519464
0.518188
0.514359
0.514997
0.519464
0.517549
0.517549
0.518826
0.518188
0.518826
0.523931
0.517549
0.518826
0.518188
0.522017
0.522017
0.522017
0.521378
0.522017
0.524569
0.52074
0.52074
0.520102
0.522017
0.520102
0.520102
0.519464
0.518826
0.518188
0.518826
0.519464
0.516911
0.517549
0.519464
0.515635
0.516911
0.523293
0.518188
0.518826
0.518826
0.518188
0.517549
0.52074
0.519464
0.519464
0.519464
0.519464
0.518826
0.519464
0.519464
0.518826
0.520102
0.518188
0.518188
0.520102
0.522017
0.519464
0.520102
0.518826
0.516911
0.516911
0.518188
0.519464
0.520102
0.518188
0.518188
0.517549
0.527122
0.516911
0.518826
0.519464
0.520102
0.518826
0.518826
0.516911
0.518188
0.514359
0.515635
0.517549
0.514359
0.518188
0.515635
0.517549
0.518826
0.518826
0.518188
0.518826
0.518826
0.52074
0.515635
0.517549
0.517549
0.525846
0.516273
0.52074
0.520102
0.522655
0.521378
0.524569
0.516911
0.518188
0.519464
0.516911
0.522655
FC_SIZE:1000