0.0797703
0.102744
0.105935
0.117422
0.121889
0.12508
0.131461
0.127632
0.131461
0.126994
0.131461
0.134014
0.127632
0.125718
0.122527
0.122527
0.120613
0.120613
0.121251
0.121251
0.12508
0.123165
0.125718
0.12508
0.119336
0.123165
0.123803
0.123803
0.119974
0.131461
0.129547
0.1321
0.133376
0.128271
0.1321
0.131461
0.132738
0.137843
0.133376
0.128909
0.135929
0.138481
0.138481
0.139119
0.138481
0.138481
0.139757
0.145501
0.144225
0.145501
0.144863
0.150606
0.150606
0.152521
0.146139
0.151883
0.148054
0.144225
0.144863
0.148054
0.148054
0.148692
0.151244
0.148692
0.162093
0.157626
0.158264
0.155712
0.148692
0.156988
0.151883
0.165922
0.160817
0.158264
0.175495
0.167837
0.162731
0.154435
0.159541
0.16656
0.17358
0.169113
0.178047
0.176133
0.170389
0.171666
0.184429
0.181876
0.175495
0.186981
0.186343
0.193363
0.21187
0.220166
0.207403
0.212508
0.223357
0.223357
0.226548
0.225909
0.230377
0.237396
0.233567
0.234205
0.245692
0.257817
0.236758
0.25016
0.25335
0.256541
0.258456
0.266114
0.280153
0.167837
0.172304
0.171027
0.175495
0.177409
0.172942
0.185705
0.18762
0.190172
0.199745
0.202936
0.21187
0.215699
0.21889
0.219528
0.223995
0.2291
0.227824
0.233567
0.238034
0.240587
0.246969
0.244416
0.25335
0.252712
0.257179
0.261008
0.26037
0.261646
0.264837
0.262923
0.268028
0.270581
0.271219
0.269304
0.271857
0.271857
0.276324
0.276324
0.279515
0.280153
0.283982
0.282068
0.287811
0.288449
0.287811
0.289087
0.289726
0.296745
0.296107
0.298022
0.300574
0.307594
0.30568
0.310147
0.301851
0.312061
0.30887
0.312699
0.311423
0.313338
0.309509
0.313976
0.313338
0.314614
0.318443
0.316528
0.327377
0.325463
0.324186
0.322272
0.326101
0.331206
0.326101
0.328653
0.328653
0.326101
0.336311
0.337588
0.338226
0.341417
0.34014
0.342055
0.343969
0.347798
0.344608
0.34716
0.351627
0.349075
0.351627
0.351627
0.354818
0.352904
0.35418
0.353542
0.356733
0.361838
0.359285
0.3612
0.363114
0.366305
0.358009
0.368858
0.373325
0.370134
0.370772
0.373325
0.375239
0.379068
0.383535
0.379068
0.383535
0.382259
0.386726
0.386726
0.381621
0.390555
0.389917
0.390555
0.393746
0.39247
0.39566
0.393746
0.407147
0.410338
0.395022
0.400128
0.405871
0.402042
0.408424
0.40268
0.401404
0.399489
0.407147
0.404595
0.407786
0.40268
0.405871
0.405233
0.409062
0.407147
0.405233
0.405871
0.412253
0.405233
0.410338
0.40268
0.411615
0.407147
0.405233
0.400128
0.407786
0.409062
0.409062
0.405233
0.413529
0.397575
0.411615
0.405233
0.403318
0.4097
0.410976
0.401404
0.406509
0.397575
0.405871
0.410976
0.412891
0.39247
0.413529
0.412253
0.412891
0.415444
0.414167
0.412891
0.4097
0.417358
0.418634
0.414167
0.417996
0.417358
0.410976
0.41672
0.414167
0.403957
0.414805
0.410976
0.413529
0.4097
0.418634
0.415444
0.41672
0.421825
0.422463
0.423101
0.419272
0.426292
0.415444
0.419272
0.420549
0.422463
0.425654
0.42374
0.421825
0.417358
0.425654
0.425654
0.425016
0.423101
0.42374
0.425016
0.425654
0.423101
0.425654
0.421825
0.419911
0.420549
0.421187
0.422463
0.430759
0.421825
0.42374
0.427569
0.420549
0.429483
0.425654
0.427569
0.42693
0.422463
0.428845
0.431398
0.429483
0.428845
0.436503
0.430759
0.431398
0.433312
0.438417
0.435227
0.432674
0.439056
0.433312
0.437141
0.439694
0.440332
0.441608
0.439694
0.434588
0.433312
0.43395
0.437141
0.432036
0.439694
0.436503
0.435865
0.439056
0.441608
0.442885
0.44799
0.444161
0.448628
0.44097
0.447352
0.446075
0.449266
0.447352
0.448628
0.442246
0.44799
0.449266
0.443523
0.443523
0.446713
0.446075
0.446075
0.435227
0.444799
0.44799
0.444799
0.449904
0.447352
0.451181
0.450542
0.452457
0.446713
0.444161
0.44097
0.44799
0.451181
0.442246
0.456286
0.449904
0.449904
0.440332
0.448628
0.447352
0.444799
0.442246
0.450542
0.449266
0.44097
0.432036
0.428207
0.437779
0.428207
0.437141
0.432674
0.444799
0.444799
0.446713
0.448628
0.45501
0.451181
0.450542
0.449904
0.451181
0.448628
0.448628
0.442885
0.449904
0.44097
0.44799
0.451819
0.4582
0.454371
0.456286
0.460115
0.460753
0.446075
0.456286
0.45501
0.454371
0.452457
0.456286
0.457562
0.460115
0.456924
0.460753
0.455648
0.455648
0.454371
0.446075
0.456286
0.456286
0.457562
0.4582
0.455648
0.456286
0.4582
0.456924
0.457562
0.457562
0.460753
0.456286
0.457562
0.456924
0.458839
0.451181
0.45501
0.453095
0.457562
0.456286
0.457562
0.456286
0.4582
0.458839
0.455648
0.4582
0.460115
0.460753
0.4582
0.45501
0.4582
0.460115
0.462029
0.462029
0.4582
0.460115
0.463944
0.462029
0.467773
0.460115
0.460753
0.449904
0.455648
0.459477
0.456924
0.457562
0.460115
0.456924
0.457562
0.458839
0.464582
0.462029
0.464582
0.464582
0.457562
0.462668
0.453733
0.454371
0.458839
0.460753
0.459477
0.460115
0.462668
0.459477
0.462668
0.463944
0.463944
0.464582
0.46522
0.467135
0.467135
0.463944
0.46522
0.465858
0.464582
0.455648
0.461391
0.463306
0.4582
0.462029
0.460753
0.464582
0.46522
0.463306
0.464582
0.462029
0.463306
0.46522
0.464582
0.461391
0.461391
0.463944
0.458839
0.4582
0.454371
0.456924
0.456924
0.458839
0.456286
0.456286
0.449266
0.45501
0.4582
0.460753
0.459477
0.460753
0.461391
0.461391
0.455648
0.460115
0.462029
0.463306
0.46522
0.455648
0.460115
0.462029
0.462668
0.456924
0.458839
0.464582
0.462668
0.456924
0.456286
0.454371
0.456924
0.457562
0.454371
0.458839
0.458839
0.4582
0.460115
0.461391
0.4582
0.45501
0.456924
0.457562
0.458839
0.459477
0.453095
0.455648
0.45501
0.45501
0.460753
0.459477
0.4582
0.460115
FC_SIZE:1000